<?xml version="1.0" encoding="UTF-8"?>
<!-- Generated by org.testng.reporters.JUnitXMLReporter -->
<testsuite hostname="Siddharths-MacBook-Pro-2.local" ignored="0" name="SearchProperty" tests="1" failures="1" timestamp="25 Oct 2020 17:17:50 GMT" time="1.311" errors="0">
  <testcase name="TEST_CASE_ONE" time="1.118" classname="TestCases.LoginTestCases">
    <failure type="java.lang.NullPointerException">
      <![CDATA[java.lang.NullPointerException
at TestCases.LoginTestCases.TEST_CASE_ONE(LoginTestCases.java:11)
... Removed 25 stack frames]]>
    </failure>
  </testcase> <!-- TEST_CASE_ONE -->
</testsuite> <!-- SearchProperty -->
