<?xml version="1.0" encoding="UTF-8"?>
<testng-results skipped="0" failed="0" ignored="0" total="1" passed="1">
  <reporter-output>
  </reporter-output>
  <suite name="Suite-1" duration-ms="19327" started-at="2020-11-06T12:50:00Z" finished-at="2020-11-06T12:50:20Z">
    <groups>
    </groups>
    <test name="SearchProperty" duration-ms="19327" started-at="2020-11-06T12:50:00Z" finished-at="2020-11-06T12:50:20Z">
      <class name="TestCases.LoginTestCases">
        <test-method status="PASS" signature="setUp()[pri:0, instance:TestCases.LoginTestCases@74a10858]" name="setUp" is-config="true" duration-ms="12904" started-at="2020-11-06T12:49:47Z" finished-at="2020-11-06T12:50:00Z">
          <reporter-output>
          </reporter-output>
        </test-method> <!-- setUp -->
        <test-method status="PASS" signature="TEST_CASE_ONE()[pri:0, instance:TestCases.LoginTestCases@74a10858]" name="TEST_CASE_ONE" duration-ms="19122" started-at="2020-11-06T12:50:00Z" finished-at="2020-11-06T12:50:19Z">
          <reporter-output>
          </reporter-output>
        </test-method> <!-- TEST_CASE_ONE -->
        <test-method status="PASS" signature="destroyDriver()[pri:0, instance:TestCases.LoginTestCases@74a10858]" name="destroyDriver" is-config="true" duration-ms="1" started-at="2020-11-06T12:50:20Z" finished-at="2020-11-06T12:50:20Z">
          <reporter-output>
          </reporter-output>
        </test-method> <!-- destroyDriver -->
      </class> <!-- TestCases.LoginTestCases -->
    </test> <!-- SearchProperty -->
  </suite> <!-- Suite-1 -->
</testng-results>
